npm verbose cli /home/albert/.nvm/versions/node/v20.19.2/bin/node /home/albert/.nvm/versions/node/v20.19.2/bin/npm
npm info using npm@10.8.2
npm info using node@v20.19.2
npm verbose title npm ci
npm verbose argv "ci" "--no-audit" "--no-fund" "--loglevel" "verbose"
npm verbose logfile logs-max:10 dir:/home/albert/.npm/_logs/2025-08-18T01_01_32_896Z-
npm verbose logfile /home/albert/.npm/_logs/2025-08-18T01_01_32_896Z-debug-0.log
npm verbose reify failed optional dependency /home/albert/projects/webistrydesk/node_modules/@tailwindcss/oxide-wasm32-wasi
npm verbose reify failed optional dependency /home/albert/projects/webistrydesk/node_modules/lightningcss-win32-x64-msvc
npm verbose reify failed optional dependency /home/albert/projects/webistrydesk/node_modules/lightningcss-win32-arm64-msvc
npm verbose reify failed optional dependency /home/albert/projects/webistrydesk/node_modules/lightningcss-linux-arm64-musl
npm verbose reify failed optional dependency /home/albert/projects/webistrydesk/node_modules/lightningcss-linux-arm64-gnu
npm verbose reify failed optional dependency /home/albert/projects/webistrydesk/node_modules/lightningcss-linux-arm-gnueabihf
npm verbose reify failed optional dependency /home/albert/projects/webistrydesk/node_modules/lightningcss-freebsd-x64
npm verbose reify failed optional dependency /home/albert/projects/webistrydesk/node_modules/lightningcss-darwin-x64
npm verbose reify failed optional dependency /home/albert/projects/webistrydesk/node_modules/lightningcss-darwin-arm64
npm verbose reify failed optional dependency /home/albert/projects/webistrydesk/node_modules/@unrs/resolver-binding-win32-x64-msvc
npm verbose reify failed optional dependency /home/albert/projects/webistrydesk/node_modules/@unrs/resolver-binding-win32-ia32-msvc
npm verbose reify failed optional dependency /home/albert/projects/webistrydesk/node_modules/@unrs/resolver-binding-win32-arm64-msvc
npm verbose reify failed optional dependency /home/albert/projects/webistrydesk/node_modules/@unrs/resolver-binding-wasm32-wasi
npm verbose reify failed optional dependency /home/albert/projects/webistrydesk/node_modules/@unrs/resolver-binding-linux-s390x-gnu
npm verbose reify failed optional dependency /home/albert/projects/webistrydesk/node_modules/@unrs/resolver-binding-linux-riscv64-musl
npm verbose reify failed optional dependency /home/albert/projects/webistrydesk/node_modules/@unrs/resolver-binding-linux-riscv64-gnu
npm verbose reify failed optional dependency /home/albert/projects/webistrydesk/node_modules/@unrs/resolver-binding-linux-ppc64-gnu
npm verbose reify failed optional dependency /home/albert/projects/webistrydesk/node_modules/@unrs/resolver-binding-linux-arm64-musl
npm verbose reify failed optional dependency /home/albert/projects/webistrydesk/node_modules/@unrs/resolver-binding-linux-arm64-gnu
npm verbose reify failed optional dependency /home/albert/projects/webistrydesk/node_modules/@unrs/resolver-binding-linux-arm-musleabihf
npm verbose reify failed optional dependency /home/albert/projects/webistrydesk/node_modules/@unrs/resolver-binding-linux-arm-gnueabihf
npm verbose reify failed optional dependency /home/albert/projects/webistrydesk/node_modules/@unrs/resolver-binding-freebsd-x64
npm verbose reify failed optional dependency /home/albert/projects/webistrydesk/node_modules/@unrs/resolver-binding-darwin-x64
npm verbose reify failed optional dependency /home/albert/projects/webistrydesk/node_modules/@unrs/resolver-binding-darwin-arm64
npm verbose reify failed optional dependency /home/albert/projects/webistrydesk/node_modules/@unrs/resolver-binding-android-arm64
npm verbose reify failed optional dependency /home/albert/projects/webistrydesk/node_modules/@unrs/resolver-binding-android-arm-eabi
npm verbose reify failed optional dependency /home/albert/projects/webistrydesk/node_modules/@tailwindcss/oxide-win32-x64-msvc
npm verbose reify failed optional dependency /home/albert/projects/webistrydesk/node_modules/@tailwindcss/oxide-win32-arm64-msvc
npm verbose reify failed optional dependency /home/albert/projects/webistrydesk/node_modules/@tailwindcss/oxide-linux-arm64-musl
npm verbose reify failed optional dependency /home/albert/projects/webistrydesk/node_modules/@tailwindcss/oxide-linux-arm64-gnu
npm verbose reify failed optional dependency /home/albert/projects/webistrydesk/node_modules/@tailwindcss/oxide-linux-arm-gnueabihf
npm verbose reify failed optional dependency /home/albert/projects/webistrydesk/node_modules/@tailwindcss/oxide-freebsd-x64
npm verbose reify failed optional dependency /home/albert/projects/webistrydesk/node_modules/@tailwindcss/oxide-darwin-x64
npm verbose reify failed optional dependency /home/albert/projects/webistrydesk/node_modules/@tailwindcss/oxide-darwin-arm64
npm verbose reify failed optional dependency /home/albert/projects/webistrydesk/node_modules/@tailwindcss/oxide-android-arm64
npm verbose reify failed optional dependency /home/albert/projects/webistrydesk/node_modules/@next/swc-win32-x64-msvc
npm verbose reify failed optional dependency /home/albert/projects/webistrydesk/node_modules/@next/swc-win32-arm64-msvc
npm verbose reify failed optional dependency /home/albert/projects/webistrydesk/node_modules/@next/swc-linux-arm64-musl
npm verbose reify failed optional dependency /home/albert/projects/webistrydesk/node_modules/@next/swc-linux-arm64-gnu
npm verbose reify failed optional dependency /home/albert/projects/webistrydesk/node_modules/@next/swc-darwin-x64
npm verbose reify failed optional dependency /home/albert/projects/webistrydesk/node_modules/@next/swc-darwin-arm64
npm verbose reify failed optional dependency /home/albert/projects/webistrydesk/node_modules/@img/sharp-win32-x64
npm verbose reify failed optional dependency /home/albert/projects/webistrydesk/node_modules/@img/sharp-win32-ia32
npm verbose reify failed optional dependency /home/albert/projects/webistrydesk/node_modules/@img/sharp-win32-arm64
npm verbose reify failed optional dependency /home/albert/projects/webistrydesk/node_modules/@img/sharp-wasm32
npm verbose reify failed optional dependency /home/albert/projects/webistrydesk/node_modules/@img/sharp-linuxmusl-arm64
npm verbose reify failed optional dependency /home/albert/projects/webistrydesk/node_modules/@img/sharp-linux-s390x
npm verbose reify failed optional dependency /home/albert/projects/webistrydesk/node_modules/@img/sharp-linux-ppc64
npm verbose reify failed optional dependency /home/albert/projects/webistrydesk/node_modules/@img/sharp-linux-arm64
npm verbose reify failed optional dependency /home/albert/projects/webistrydesk/node_modules/@img/sharp-linux-arm
npm verbose reify failed optional dependency /home/albert/projects/webistrydesk/node_modules/@img/sharp-libvips-linuxmusl-arm64
npm verbose reify failed optional dependency /home/albert/projects/webistrydesk/node_modules/@img/sharp-libvips-linux-s390x
npm verbose reify failed optional dependency /home/albert/projects/webistrydesk/node_modules/@img/sharp-libvips-linux-ppc64
npm verbose reify failed optional dependency /home/albert/projects/webistrydesk/node_modules/@img/sharp-libvips-linux-arm64
npm verbose reify failed optional dependency /home/albert/projects/webistrydesk/node_modules/@img/sharp-libvips-linux-arm
npm verbose reify failed optional dependency /home/albert/projects/webistrydesk/node_modules/@img/sharp-libvips-darwin-x64
npm verbose reify failed optional dependency /home/albert/projects/webistrydesk/node_modules/@img/sharp-libvips-darwin-arm64
npm verbose reify failed optional dependency /home/albert/projects/webistrydesk/node_modules/@img/sharp-darwin-x64
npm verbose reify failed optional dependency /home/albert/projects/webistrydesk/node_modules/@img/sharp-darwin-arm64
npm info run sharp@0.34.3 install node_modules/sharp node install/check.js
npm info run sharp@0.34.3 install { code: 0, signal: null }
npm info run @firebase/util@1.13.0 postinstall node_modules/@firebase/util node ./postinstall.js
npm info run @firebase/util@1.13.0 postinstall { code: 0, signal: null }
npm info run @tailwindcss/oxide@4.1.12 postinstall node_modules/@tailwindcss/oxide node ./scripts/install.js
npm info run @tailwindcss/oxide@4.1.12 postinstall { code: 0, signal: null }
npm info run protobufjs@7.5.3 postinstall node_modules/protobufjs node scripts/postinstall
npm info run protobufjs@7.5.3 postinstall { code: 0, signal: null }
npm info run unrs-resolver@1.11.1 postinstall node_modules/unrs-resolver napi-postinstall unrs-resolver 1.11.1 check
npm info run unrs-resolver@1.11.1 postinstall { code: 0, signal: null }

> webistrydesk@0.1.0 prepare
> husky install

husky - Git hooks installed

added 431 packages in 6m
npm verbose cwd /home/albert/projects/webistrydesk
npm verbose os Linux 6.8.0-71-generic
npm verbose node v20.19.2
npm verbose npm  v10.8.2
npm verbose exit 0
npm info ok
