
> webistrydesk@0.1.0 build
> next build

   ▲ Next.js 15.4.6

   Creating an optimized production build ...
 ✓ Compiled successfully in 36.0s
   Linting and checking validity of types ...
   Collecting page data ...
   Generating static pages (0/18) ...
   Generating static pages (4/18) 
   Generating static pages (8/18) 
   Generating static pages (13/18) 
 ✓ Generating static pages (18/18)
   Finalizing page optimization ...
   Collecting build traces ...

Route (app)                                 Size  First Load JS
┌ ○ /                                      170 B         103 kB
├ ○ /_not-found                            989 B         101 kB
├ ƒ /api/contact                           136 B        99.7 kB
├ ƒ /api/health                            136 B        99.7 kB
├ ƒ /api/upload                            136 B        99.7 kB
├ ○ /auth/debug                            136 B        99.7 kB
├ ○ /contact                             1.83 kB         101 kB
├ ○ /contact-us                            136 B        99.7 kB
├ ○ /dashboard                           2.05 kB         198 kB
├ ○ /login                               1.25 kB         194 kB
├ ○ /register                            1.25 kB         194 kB
├ ○ /services/ai-tools                     170 B         103 kB
├ ○ /services/development                  170 B         103 kB
├ ○ /services/web-design                   170 B         103 kB
└ ○ /upload                                615 B         100 kB
+ First Load JS shared by all            99.6 kB
  ├ chunks/4bd1b696-cf72ae8a39fa05aa.js  54.1 kB
  ├ chunks/964-7a34cadcb7695cec.js       43.5 kB
  └ other shared chunks (total)          1.92 kB


○  (Static)   prerendered as static content
ƒ  (Dynamic)  server-rendered on demand

